<?xml version="1.0" encoding="UTF-8"?>
<coverage generated="1654033949527" clover="3.2.0">
  <project timestamp="1654033949527" name="All files">
    <metrics statements="22" coveredstatements="13" conditionals="18" coveredconditionals="7" methods="13" coveredmethods="4" elements="53" coveredelements="24" complexity="0" loc="22" ncloc="22" packages="2" files="2" classes="2"/>
    <package name="dist.infrastructure.viaCep">
      <metrics statements="18" coveredstatements="9" conditionals="18" coveredconditionals="7" methods="11" coveredmethods="2"/>
      <file name="ViaCep.js" path="C:\Users\NataliaLira\Desktop\la-vie-ts\dist\infrastructure\viaCep\ViaCep.js">
        <metrics statements="18" coveredstatements="9" conditionals="18" coveredconditionals="7" methods="11" coveredmethods="2"/>
        <line num="2" count="1" type="cond" truecount="2" falsecount="1"/>
        <line num="3" count="0" type="cond" truecount="0" falsecount="2"/>
        <line num="4" count="0" type="cond" truecount="0" falsecount="2"/>
        <line num="5" count="0" type="stmt"/>
        <line num="6" count="0" type="stmt"/>
        <line num="7" count="0" type="cond" truecount="0" falsecount="2"/>
        <line num="8" count="0" type="cond" truecount="0" falsecount="2"/>
        <line num="11" count="1" type="cond" truecount="2" falsecount="1"/>
        <line num="12" count="1" type="cond" truecount="3" falsecount="1"/>
        <line num="14" count="1" type="stmt"/>
        <line num="15" count="1" type="stmt"/>
        <line num="16" count="1" type="stmt"/>
        <line num="19" count="1" type="stmt"/>
        <line num="20" count="1" type="stmt"/>
        <line num="25" count="0" type="stmt"/>
        <line num="27" count="0" type="stmt"/>
        <line num="28" count="0" type="stmt"/>
        <line num="32" count="1" type="stmt"/>
      </file>
    </package>
    <package name="src.infrastructure.viaCep">
      <metrics statements="4" coveredstatements="4" conditionals="0" coveredconditionals="0" methods="2" coveredmethods="2"/>
      <file name="ViaCep.ts" path="C:\Users\NataliaLira\Desktop\la-vie-ts\src\infrastructure\viaCep\ViaCep.ts">
        <metrics statements="4" coveredstatements="4" conditionals="0" coveredconditionals="0" methods="2" coveredmethods="2"/>
        <line num="5" count="1" type="stmt"/>
        <line num="9" count="1" type="stmt"/>
        <line num="16" count="1" type="stmt"/>
        <line num="17" count="1" type="stmt"/>
      </file>
    </package>
  </project>
</coverage>
